<?xml version="1.0" encoding="UTF-8"?>
<!-- Generated by org.testng.reporters.JUnitReportReporter -->
<testsuite hostname="DESKTOP-G975KIH" failures="0" tests="2" name="Testcov12.Priority1" time="0.040" errors="0" timestamp="2023-08-21T13:59:29 IST" skipped="0">
  <testcase classname="Testcov12.Priority1" name="data1" time="0.033">
    <system-out>
      <![CDATA[hai]]>
    </system-out>
  </testcase> <!-- data1 -->
  <testcase classname="Testcov12.Priority1" name="data2" time="0.007">
    <system-out>
      <![CDATA[tata]]>
    </system-out>
  </testcase> <!-- data2 -->
  <system-out>
    <![CDATA[hai
tata
world
hello]]>
  </system-out>
</testsuite> <!-- Testcov12.Priority1 -->
