<?xml version="1.0" encoding="UTF-8"?>
<!-- Generated by org.testng.reporters.JUnitReportReporter -->
<testsuite hostname="DESKTOP-G975KIH" failures="0" tests="1" name="Testcov12.Runner123" time="30.210" errors="0" timestamp="2023-08-21T17:11:02 IST" skipped="0">
  <testcase classname="Testcov12.Runner123" name="test1" time="30.210"/>
</testsuite> <!-- Testcov12.Runner123 -->
