<?xml version="1.0" encoding="UTF-8"?>
<!-- Generated by org.testng.reporters.JUnitReportReporter -->
<testsuite hostname="DESKTOP-G975KIH" failures="0" tests="2" name="Testcov12.pralleltopic" time="41.694" errors="0" timestamp="2023-08-25T09:33:20 IST" skipped="0">
  <testcase classname="Testcov12.pralleltopic" name="test3" time="28.191"/>
  <testcase classname="Testcov12.pralleltopic" name="test3" time="13.503"/>
</testsuite> <!-- Testcov12.pralleltopic -->
