<?xml version="1.0" encoding="UTF-8"?>
<!-- Generated by org.testng.reporters.JUnitReportReporter -->
<testsuite hostname="DESKTOP-G975KIH" failures="0" tests="1" name="Testcov12.Runner101" time="20.384" errors="0" timestamp="2023-08-24T13:06:27 IST" skipped="0">
  <testcase classname="Testcov12.Runner101" name="click1" time="20.384"/>
</testsuite> <!-- Testcov12.Runner101 -->
