<?xml version="1.0" encoding="UTF-8"?>
<!-- Generated by org.testng.reporters.JUnitReportReporter -->
<testsuite hostname="DESKTOP-G975KIH" failures="0" tests="2" name="Testcov12.practise_paraexe" time="50.928" errors="0" timestamp="2023-08-31T16:47:47 IST" skipped="0">
  <testcase classname="Testcov12.practise_paraexe" name="test1" time="31.634"/>
  <testcase classname="Testcov12.practise_paraexe" name="test1" time="19.294"/>
</testsuite> <!-- Testcov12.practise_paraexe -->
