<?xml version="1.0" encoding="UTF-8"?>
<!-- Generated by org.testng.reporters.JUnitReportReporter -->
<testsuite hostname="DESKTOP-G975KIH" failures="0" tests="2" name="Testcov.Test1" time="0.014" errors="0" timestamp="2023-08-21T13:59:29 IST" skipped="0">
  <testcase classname="Testcov.Test1" name="data" time="0.008">
    <system-out>
      <![CDATA[world]]>
    </system-out>
  </testcase> <!-- data -->
  <testcase classname="Testcov.Test1" name="data1" time="0.006">
    <system-out>
      <![CDATA[hello]]>
    </system-out>
  </testcase> <!-- data1 -->
  <system-out>
    <![CDATA[hai
tata
world
hello]]>
  </system-out>
</testsuite> <!-- Testcov.Test1 -->
