<?xml version="1.0" encoding="UTF-8"?>
<!-- Generated by org.testng.reporters.JUnitReportReporter -->
<testsuite hostname="DESKTOP-G975KIH" failures="0" tests="1" name="Testcov12.Runner143" time="28.829" errors="0" timestamp="2023-08-21T17:29:10 IST" skipped="0">
  <testcase classname="Testcov12.Runner143" name="test1" time="28.829"/>
</testsuite> <!-- Testcov12.Runner143 -->
